  [1m[36m (1.0ms)[0m  [1mCREATE TABLE "schema_migrations" ("version" varchar NOT NULL) [0m
  [1m[35m (0.1ms)[0m  select sqlite_version(*)
  [1m[36m (0.8ms)[0m  [1mCREATE UNIQUE INDEX "unique_schema_migrations" ON "schema_migrations" ("version")[0m
  [1m[35mActiveRecord::SchemaMigration Load (0.1ms)[0m  SELECT "schema_migrations".* FROM "schema_migrations"
Migrating to CreateMovies (20150904032218)
  [1m[36m (0.1ms)[0m  [1mbegin transaction[0m
  [1m[35m (0.5ms)[0m  CREATE TABLE "movies" ("id" INTEGER PRIMARY KEY AUTOINCREMENT NOT NULL, "title" varchar, "year" integer, "genre" varchar, "in_theaters" boolean, "poster_image" varchar, "created_at" datetime NOT NULL, "updated_at" datetime NOT NULL) 
  [1m[36mSQL (0.2ms)[0m  [1mINSERT INTO "schema_migrations" ("version") VALUES (?)[0m  [["version", "20150904032218"]]
  [1m[35m (0.7ms)[0m  commit transaction
  [1m[36mActiveRecord::SchemaMigration Load (0.1ms)[0m  [1mSELECT "schema_migrations".* FROM "schema_migrations"[0m


Started GET "/" for ::1 at 2015-09-03 20:23:41 -0700
  [1m[36mActiveRecord::SchemaMigration Load (0.5ms)[0m  [1mSELECT "schema_migrations".* FROM "schema_migrations"[0m
Processing by StaticPagesController#home as HTML
  Rendered static_pages/home.html.erb within layouts/application (3.0ms)
Completed 200 OK in 6199ms (Views: 6187.6ms | ActiveRecord: 0.0ms)


Started GET "/assets/movies.self-e3b0c44298fc1c149afbf4c8996fb92427ae41e4649b934ca495991b7852b855.css?body=1" for ::1 at 2015-09-03 20:23:48 -0700


Started GET "/assets/movies.self-877aef30ae1b040ab8a3aba4e3e309a11d7f2612f44dde450b5c157aa5f95c05.js?body=1" for ::1 at 2015-09-03 20:23:48 -0700


Started GET "/" for ::1 at 2015-09-03 20:23:55 -0700
Processing by StaticPagesController#home as HTML
  Rendered static_pages/home.html.erb within layouts/application (0.8ms)
Completed 200 OK in 168ms (Views: 167.0ms | ActiveRecord: 0.0ms)


Started GET "/" for ::1 at 2015-09-03 20:24:01 -0700
Processing by StaticPagesController#home as HTML
  Rendered static_pages/home.html.erb within layouts/application (0.2ms)
Completed 200 OK in 195ms (Views: 194.9ms | ActiveRecord: 0.0ms)


Started GET "/" for ::1 at 2015-09-03 20:25:26 -0700
Processing by StaticPagesController#home as HTML
  Rendered static_pages/home.html.erb within layouts/application (18.6ms)
Completed 500 Internal Server Error in 25ms (ActiveRecord: 0.0ms)

ActionController::UrlGenerationError - No route matches {:action=>"show", :controller=>"movies"} missing required keys: [:id]:
  actionpack (4.2.3) lib/action_dispatch/journey/formatter.rb:46:in `generate'
  actionpack (4.2.3) lib/action_dispatch/routing/route_set.rb:729:in `generate'
  actionpack (4.2.3) lib/action_dispatch/routing/route_set.rb:760:in `generate'
  actionpack (4.2.3) lib/action_dispatch/routing/route_set.rb:803:in `url_for'
  actionpack (4.2.3) lib/action_dispatch/routing/route_set.rb:282:in `call'
  actionpack (4.2.3) lib/action_dispatch/routing/route_set.rb:225:in `call'
  actionpack (4.2.3) lib/action_dispatch/routing/route_set.rb:347:in `block (2 levels) in define_url_helper'
  app/views/static_pages/home.html.erb:4:in `_app_views_static_pages_home_html_erb__126213829698213905_70249402288840'
  actionview (4.2.3) lib/action_view/template.rb:145:in `block in render'
  activesupport (4.2.3) lib/active_support/notifications.rb:166:in `instrument'
  actionview (4.2.3) lib/action_view/template.rb:333:in `instrument'
  actionview (4.2.3) lib/action_view/template.rb:143:in `render'
  actionview (4.2.3) lib/action_view/renderer/template_renderer.rb:54:in `block (2 levels) in render_template'
  actionview (4.2.3) lib/action_view/renderer/abstract_renderer.rb:39:in `block in instrument'
  activesupport (4.2.3) lib/active_support/notifications.rb:164:in `block in instrument'
  activesupport (4.2.3) lib/active_support/notifications/instrumenter.rb:20:in `instrument'
  activesupport (4.2.3) lib/active_support/notifications.rb:164:in `instrument'
  actionview (4.2.3) lib/action_view/renderer/abstract_renderer.rb:39:in `instrument'
  actionview (4.2.3) lib/action_view/renderer/template_renderer.rb:53:in `block in render_template'
  actionview (4.2.3) lib/action_view/renderer/template_renderer.rb:61:in `render_with_layout'
  actionview (4.2.3) lib/action_view/renderer/template_renderer.rb:52:in `render_template'
  actionview (4.2.3) lib/action_view/renderer/template_renderer.rb:14:in `render'
  actionview (4.2.3) lib/action_view/renderer/renderer.rb:42:in `render_template'
  actionview (4.2.3) lib/action_view/renderer/renderer.rb:23:in `render'
  actionview (4.2.3) lib/action_view/rendering.rb:100:in `_render_template'
  actionpack (4.2.3) lib/action_controller/metal/streaming.rb:217:in `_render_template'
  actionview (4.2.3) lib/action_view/rendering.rb:83:in `render_to_body'
  actionpack (4.2.3) lib/action_controller/metal/rendering.rb:32:in `render_to_body'
  actionpack (4.2.3) lib/action_controller/metal/renderers.rb:37:in `render_to_body'
  actionpack (4.2.3) lib/abstract_controller/rendering.rb:25:in `render'
  actionpack (4.2.3) lib/action_controller/metal/rendering.rb:16:in `render'
  actionpack (4.2.3) lib/action_controller/metal/instrumentation.rb:44:in `block (2 levels) in render'
  activesupport (4.2.3) lib/active_support/core_ext/benchmark.rb:12:in `block in ms'
  /Users/chinhle/.rvm/rubies/ruby-2.2.1/lib/ruby/2.2.0/benchmark.rb:303:in `realtime'
  activesupport (4.2.3) lib/active_support/core_ext/benchmark.rb:12:in `ms'
  actionpack (4.2.3) lib/action_controller/metal/instrumentation.rb:44:in `block in render'
  actionpack (4.2.3) lib/action_controller/metal/instrumentation.rb:87:in `cleanup_view_runtime'
  activerecord (4.2.3) lib/active_record/railties/controller_runtime.rb:25:in `cleanup_view_runtime'
  actionpack (4.2.3) lib/action_controller/metal/instrumentation.rb:43:in `render'
  actionpack (4.2.3) lib/action_controller/metal/implicit_render.rb:10:in `default_render'
  actionpack (4.2.3) lib/action_controller/metal/implicit_render.rb:5:in `send_action'
  actionpack (4.2.3) lib/abstract_controller/base.rb:198:in `process_action'
  actionpack (4.2.3) lib/action_controller/metal/rendering.rb:10:in `process_action'
  actionpack (4.2.3) lib/abstract_controller/callbacks.rb:20:in `block in process_action'
  activesupport (4.2.3) lib/active_support/callbacks.rb:115:in `call'
  activesupport (4.2.3) lib/active_support/callbacks.rb:553:in `block (2 levels) in compile'
  activesupport (4.2.3) lib/active_support/callbacks.rb:503:in `call'
  activesupport (4.2.3) lib/active_support/callbacks.rb:88:in `run_callbacks'
  actionpack (4.2.3) lib/abstract_controller/callbacks.rb:19:in `process_action'
  actionpack (4.2.3) lib/action_controller/metal/rescue.rb:29:in `process_action'
  actionpack (4.2.3) lib/action_controller/metal/instrumentation.rb:32:in `block in process_action'
  activesupport (4.2.3) lib/active_support/notifications.rb:164:in `block in instrument'
  activesupport (4.2.3) lib/active_support/notifications/instrumenter.rb:20:in `instrument'
  activesupport (4.2.3) lib/active_support/notifications.rb:164:in `instrument'
  actionpack (4.2.3) lib/action_controller/metal/instrumentation.rb:30:in `process_action'
  actionpack (4.2.3) lib/action_controller/metal/params_wrapper.rb:250:in `process_action'
  activerecord (4.2.3) lib/active_record/railties/controller_runtime.rb:18:in `process_action'
  actionpack (4.2.3) lib/abstract_controller/base.rb:137:in `process'
  actionview (4.2.3) lib/action_view/rendering.rb:30:in `process'
  actionpack (4.2.3) lib/action_controller/metal.rb:196:in `dispatch'
  actionpack (4.2.3) lib/action_controller/metal/rack_delegation.rb:13:in `dispatch'
  actionpack (4.2.3) lib/action_controller/metal.rb:237:in `block in action'
  actionpack (4.2.3) lib/action_dispatch/routing/route_set.rb:76:in `dispatch'
  actionpack (4.2.3) lib/action_dispatch/routing/route_set.rb:45:in `serve'
  actionpack (4.2.3) lib/action_dispatch/journey/router.rb:43:in `block in serve'
  actionpack (4.2.3) lib/action_dispatch/journey/router.rb:30:in `serve'
  actionpack (4.2.3) lib/action_dispatch/routing/route_set.rb:821:in `call'
  rack (1.6.4) lib/rack/etag.rb:24:in `call'
  rack (1.6.4) lib/rack/conditionalget.rb:25:in `call'
  rack (1.6.4) lib/rack/head.rb:13:in `call'
  actionpack (4.2.3) lib/action_dispatch/middleware/params_parser.rb:27:in `call'
  actionpack (4.2.3) lib/action_dispatch/middleware/flash.rb:260:in `call'
  rack (1.6.4) lib/rack/session/abstract/id.rb:225:in `context'
  rack (1.6.4) lib/rack/session/abstract/id.rb:220:in `call'
  actionpack (4.2.3) lib/action_dispatch/middleware/cookies.rb:560:in `call'
  activerecord (4.2.3) lib/active_record/query_cache.rb:36:in `call'
  activerecord (4.2.3) lib/active_record/connection_adapters/abstract/connection_pool.rb:653:in `call'
  activerecord (4.2.3) lib/active_record/migration.rb:377:in `call'
  actionpack (4.2.3) lib/action_dispatch/middleware/callbacks.rb:29:in `block in call'
  activesupport (4.2.3) lib/active_support/callbacks.rb:84:in `run_callbacks'
  actionpack (4.2.3) lib/action_dispatch/middleware/callbacks.rb:27:in `call'
  actionpack (4.2.3) lib/action_dispatch/middleware/reloader.rb:73:in `call'
  actionpack (4.2.3) lib/action_dispatch/middleware/remote_ip.rb:78:in `call'
  better_errors (2.1.1) lib/better_errors/middleware.rb:84:in `protected_app_call'
  better_errors (2.1.1) lib/better_errors/middleware.rb:79:in `better_errors_call'
  better_errors (2.1.1) lib/better_errors/middleware.rb:57:in `call'
  actionpack (4.2.3) lib/action_dispatch/middleware/debug_exceptions.rb:17:in `call'
  web-console (2.2.1) lib/web_console/middleware.rb:39:in `call'
  actionpack (4.2.3) lib/action_dispatch/middleware/show_exceptions.rb:30:in `call'
  railties (4.2.3) lib/rails/rack/logger.rb:38:in `call_app'
  railties (4.2.3) lib/rails/rack/logger.rb:20:in `block in call'
  activesupport (4.2.3) lib/active_support/tagged_logging.rb:68:in `block in tagged'
  activesupport (4.2.3) lib/active_support/tagged_logging.rb:26:in `tagged'
  activesupport (4.2.3) lib/active_support/tagged_logging.rb:68:in `tagged'
  railties (4.2.3) lib/rails/rack/logger.rb:20:in `call'
  actionpack (4.2.3) lib/action_dispatch/middleware/request_id.rb:21:in `call'
  rack (1.6.4) lib/rack/methodoverride.rb:22:in `call'
  rack (1.6.4) lib/rack/runtime.rb:18:in `call'
  activesupport (4.2.3) lib/active_support/cache/strategy/local_cache_middleware.rb:28:in `call'
  rack (1.6.4) lib/rack/lock.rb:17:in `call'
  actionpack (4.2.3) lib/action_dispatch/middleware/static.rb:116:in `call'
  rack (1.6.4) lib/rack/sendfile.rb:113:in `call'
  railties (4.2.3) lib/rails/engine.rb:518:in `call'
  railties (4.2.3) lib/rails/application.rb:165:in `call'
  rack (1.6.4) lib/rack/lock.rb:17:in `call'
  rack (1.6.4) lib/rack/content_length.rb:15:in `call'
  rack (1.6.4) lib/rack/handler/webrick.rb:88:in `service'
  /Users/chinhle/.rvm/rubies/ruby-2.2.1/lib/ruby/2.2.0/webrick/httpserver.rb:138:in `service'
  /Users/chinhle/.rvm/rubies/ruby-2.2.1/lib/ruby/2.2.0/webrick/httpserver.rb:94:in `run'
  /Users/chinhle/.rvm/rubies/ruby-2.2.1/lib/ruby/2.2.0/webrick/server.rb:294:in `block in start_thread'



Started POST "/__better_errors/e1fdc4c88f4b9175/variables" for ::1 at 2015-09-03 20:25:26 -0700


Started POST "/__better_errors/e1fdc4c88f4b9175/variables" for ::1 at 2015-09-03 20:25:36 -0700


Started GET "/" for ::1 at 2015-09-03 20:26:46 -0700
Processing by StaticPagesController#home as HTML
  Rendered static_pages/home.html.erb within layouts/application (0.9ms)
Completed 200 OK in 191ms (Views: 190.3ms | ActiveRecord: 0.0ms)


Started GET "/assets/movies.self-e3b0c44298fc1c149afbf4c8996fb92427ae41e4649b934ca495991b7852b855.css?body=1" for ::1 at 2015-09-03 20:26:46 -0700


Started GET "/assets/custom.self-5c047ea5716000c7ea8d7003204377a5baec5f7ddf4c999b673f5d81c232256a.css?body=1" for ::1 at 2015-09-03 20:26:46 -0700


Started GET "/assets/jquery.self-a714331225dda820228db323939889f149aec0127aeb06255646b616ba1ca419.js?body=1" for ::1 at 2015-09-03 20:26:46 -0700


Started GET "/assets/application.self-e80e8f2318043e8af94dddc2adad5a4f09739a8ebb323b3ab31cd71d45fd9113.css?body=1" for ::1 at 2015-09-03 20:26:46 -0700


Started GET "/assets/static_pages.self-e3b0c44298fc1c149afbf4c8996fb92427ae41e4649b934ca495991b7852b855.css?body=1" for ::1 at 2015-09-03 20:26:46 -0700


Started GET "/assets/jquery_ujs.self-d456baa54c1fa6be2ec3711f0a72ddf7a5b2f34a6b4f515f33767d6207b7d4b3.js?body=1" for ::1 at 2015-09-03 20:26:46 -0700


Started GET "/assets/bootstrap/affix.self-f7aef9d98ee5ece34a6a92a6a15bba777d93e8d908b75c95a85088277f394200.js?body=1" for ::1 at 2015-09-03 20:26:46 -0700


Started GET "/assets/bootstrap/button.self-d19f3e2bcd3a7a4d75c11b9141b3fabd2c11987da1e99c85548ec3ecf8db30c3.js?body=1" for ::1 at 2015-09-03 20:26:46 -0700


Started GET "/assets/bootstrap/alert.self-896ab026e6823f5cef2441e07dac53d0692a5b772ac58b1ce20aa624c342d3f4.js?body=1" for ::1 at 2015-09-03 20:26:46 -0700


Started GET "/assets/bootstrap/carousel.self-b2e5e14483e6c31343a83861b7d487620f143d6fc2d07d5ae7544b6b225ba6be.js?body=1" for ::1 at 2015-09-03 20:26:46 -0700


Started GET "/assets/bootstrap/collapse.self-93820e9b486e375a7fb4477602def3a6f8381fa6d50938d5378297ffbe4a1248.js?body=1" for ::1 at 2015-09-03 20:26:46 -0700


Started GET "/assets/bootstrap/dropdown.self-30536ae4d54b2685c26b5787ed0eb549a9075717fe690cce6270873bedf2df00.js?body=1" for ::1 at 2015-09-03 20:26:46 -0700


Started GET "/assets/bootstrap/tab.self-9b77df34cbbb08ec93a806d6cdb741f04e3dbf3389978a0679146f2d2987bc89.js?body=1" for ::1 at 2015-09-03 20:26:46 -0700


Started GET "/assets/bootstrap/transition.self-9616c4e856b57659b67da3c6f2adcd584b5601ef4bebcdadab8ebb387d80bb25.js?body=1" for ::1 at 2015-09-03 20:26:46 -0700


Started GET "/assets/bootstrap/scrollspy.self-c5c6ed008955656d345067e9821d79f1216b8383134d08465d4aa1a33a2b93b4.js?body=1" for ::1 at 2015-09-03 20:26:46 -0700


Started GET "/assets/bootstrap/modal.self-bcfe54f3132bf16a8c5ce4289e47eba488f6522a08f49f378a037061c6c7aa4c.js?body=1" for ::1 at 2015-09-03 20:26:46 -0700


Started GET "/assets/bootstrap/tooltip.self-3aa41fbe871573b34e0ebddf31598cd5a11a9841ca85f90934ea46326e46626d.js?body=1" for ::1 at 2015-09-03 20:26:46 -0700


Started GET "/assets/bootstrap/popover.self-b73e9c9111d01148e24bbc46e096782e024dc5db630e7078cf11ed2587ef8551.js?body=1" for ::1 at 2015-09-03 20:26:46 -0700


Started GET "/assets/bootstrap-sprockets.self-fbfa5ad7d9aa0afe439ec4ff3883acc4cb92b62cb67c40d674320c9aa1d4642d.js?body=1" for ::1 at 2015-09-03 20:26:46 -0700


Started GET "/assets/turbolinks.self-c37727e9bd6b2735da5c311aa83fead54ed0be6cc8bd9a65309e9c5abe2cbfff.js?body=1" for ::1 at 2015-09-03 20:26:46 -0700


Started GET "/assets/movies.self-877aef30ae1b040ab8a3aba4e3e309a11d7f2612f44dde450b5c157aa5f95c05.js?body=1" for ::1 at 2015-09-03 20:26:46 -0700


Started GET "/assets/static_pages.self-877aef30ae1b040ab8a3aba4e3e309a11d7f2612f44dde450b5c157aa5f95c05.js?body=1" for ::1 at 2015-09-03 20:26:46 -0700


Started GET "/assets/application.self-f8806224e027f3e3f0138ea9ce99319e298dfdb323304d1f1be6eae8e8c74724.js?body=1" for ::1 at 2015-09-03 20:26:46 -0700


Started GET "/movies" for ::1 at 2015-09-03 20:26:48 -0700
Processing by MoviesController#index as HTML
  Rendered movies/index.html.erb within layouts/application (0.3ms)
Completed 200 OK in 206ms (Views: 205.1ms | ActiveRecord: 0.0ms)
  [1m[36mMovie Load (4.7ms)[0m  [1mSELECT "movies".* FROM "movies"[0m
  [1m[35m (0.2ms)[0m  begin transaction
  [1m[36mSQL (1.0ms)[0m  [1mINSERT INTO "movies" ("title", "year", "created_at", "updated_at") VALUES (?, ?, ?, ?)[0m  [["title", "Avenger"], ["year", 2015], ["created_at", "2015-09-04 03:30:15.432329"], ["updated_at", "2015-09-04 03:30:15.432329"]]
  [1m[35m (1.2ms)[0m  commit transaction


Started GET "/movies" for ::1 at 2015-09-03 20:30:21 -0700
Processing by MoviesController#index as HTML
  Rendered movies/index.html.erb within layouts/application (0.4ms)
Completed 200 OK in 153ms (Views: 152.0ms | ActiveRecord: 0.0ms)


Started GET "/assets/custom.self-5c047ea5716000c7ea8d7003204377a5baec5f7ddf4c999b673f5d81c232256a.css?body=1" for ::1 at 2015-09-03 20:30:21 -0700


Started GET "/assets/application.self-e80e8f2318043e8af94dddc2adad5a4f09739a8ebb323b3ab31cd71d45fd9113.css?body=1" for ::1 at 2015-09-03 20:30:21 -0700


Started GET "/assets/static_pages.self-e3b0c44298fc1c149afbf4c8996fb92427ae41e4649b934ca495991b7852b855.css?body=1" for ::1 at 2015-09-03 20:30:21 -0700


Started GET "/assets/movies.self-e3b0c44298fc1c149afbf4c8996fb92427ae41e4649b934ca495991b7852b855.css?body=1" for ::1 at 2015-09-03 20:30:21 -0700


Started GET "/assets/jquery_ujs.self-d456baa54c1fa6be2ec3711f0a72ddf7a5b2f34a6b4f515f33767d6207b7d4b3.js?body=1" for ::1 at 2015-09-03 20:30:21 -0700


Started GET "/assets/jquery.self-a714331225dda820228db323939889f149aec0127aeb06255646b616ba1ca419.js?body=1" for ::1 at 2015-09-03 20:30:21 -0700


Started GET "/assets/bootstrap/affix.self-f7aef9d98ee5ece34a6a92a6a15bba777d93e8d908b75c95a85088277f394200.js?body=1" for ::1 at 2015-09-03 20:30:21 -0700


Started GET "/assets/bootstrap/alert.self-896ab026e6823f5cef2441e07dac53d0692a5b772ac58b1ce20aa624c342d3f4.js?body=1" for ::1 at 2015-09-03 20:30:21 -0700


Started GET "/assets/bootstrap/button.self-d19f3e2bcd3a7a4d75c11b9141b3fabd2c11987da1e99c85548ec3ecf8db30c3.js?body=1" for ::1 at 2015-09-03 20:30:21 -0700


Started GET "/assets/bootstrap/carousel.self-b2e5e14483e6c31343a83861b7d487620f143d6fc2d07d5ae7544b6b225ba6be.js?body=1" for ::1 at 2015-09-03 20:30:21 -0700


Started GET "/assets/bootstrap/collapse.self-93820e9b486e375a7fb4477602def3a6f8381fa6d50938d5378297ffbe4a1248.js?body=1" for ::1 at 2015-09-03 20:30:21 -0700


Started GET "/assets/bootstrap/dropdown.self-30536ae4d54b2685c26b5787ed0eb549a9075717fe690cce6270873bedf2df00.js?body=1" for ::1 at 2015-09-03 20:30:21 -0700


Started GET "/assets/bootstrap/tab.self-9b77df34cbbb08ec93a806d6cdb741f04e3dbf3389978a0679146f2d2987bc89.js?body=1" for ::1 at 2015-09-03 20:30:21 -0700


Started GET "/assets/bootstrap/transition.self-9616c4e856b57659b67da3c6f2adcd584b5601ef4bebcdadab8ebb387d80bb25.js?body=1" for ::1 at 2015-09-03 20:30:21 -0700


Started GET "/assets/bootstrap/scrollspy.self-c5c6ed008955656d345067e9821d79f1216b8383134d08465d4aa1a33a2b93b4.js?body=1" for ::1 at 2015-09-03 20:30:21 -0700


Started GET "/assets/bootstrap/modal.self-bcfe54f3132bf16a8c5ce4289e47eba488f6522a08f49f378a037061c6c7aa4c.js?body=1" for ::1 at 2015-09-03 20:30:21 -0700


Started GET "/assets/bootstrap/tooltip.self-3aa41fbe871573b34e0ebddf31598cd5a11a9841ca85f90934ea46326e46626d.js?body=1" for ::1 at 2015-09-03 20:30:21 -0700


Started GET "/assets/bootstrap/popover.self-b73e9c9111d01148e24bbc46e096782e024dc5db630e7078cf11ed2587ef8551.js?body=1" for ::1 at 2015-09-03 20:30:21 -0700


Started GET "/assets/bootstrap-sprockets.self-fbfa5ad7d9aa0afe439ec4ff3883acc4cb92b62cb67c40d674320c9aa1d4642d.js?body=1" for ::1 at 2015-09-03 20:30:21 -0700


Started GET "/assets/turbolinks.self-c37727e9bd6b2735da5c311aa83fead54ed0be6cc8bd9a65309e9c5abe2cbfff.js?body=1" for ::1 at 2015-09-03 20:30:21 -0700


Started GET "/assets/movies.self-877aef30ae1b040ab8a3aba4e3e309a11d7f2612f44dde450b5c157aa5f95c05.js?body=1" for ::1 at 2015-09-03 20:30:21 -0700


Started GET "/assets/static_pages.self-877aef30ae1b040ab8a3aba4e3e309a11d7f2612f44dde450b5c157aa5f95c05.js?body=1" for ::1 at 2015-09-03 20:30:21 -0700


Started GET "/assets/application.self-f8806224e027f3e3f0138ea9ce99319e298dfdb323304d1f1be6eae8e8c74724.js?body=1" for ::1 at 2015-09-03 20:30:21 -0700


Started GET "/" for ::1 at 2015-09-03 20:30:23 -0700
Processing by StaticPagesController#home as HTML
  Rendered static_pages/home.html.erb within layouts/application (0.9ms)
Completed 200 OK in 184ms (Views: 183.7ms | ActiveRecord: 0.0ms)


Started GET "/movies" for ::1 at 2015-09-03 20:30:25 -0700
Processing by MoviesController#index as HTML
  Rendered movies/index.html.erb within layouts/application (0.0ms)
Completed 200 OK in 177ms (Views: 176.5ms | ActiveRecord: 0.0ms)


Started GET "/movies" for ::1 at 2015-09-03 20:33:11 -0700
Processing by MoviesController#index as HTML
  Rendered movies/index.html.erb within layouts/application (0.1ms)
Completed 200 OK in 180ms (Views: 177.2ms | ActiveRecord: 0.0ms)


Started GET "/assets/custom.self-5c047ea5716000c7ea8d7003204377a5baec5f7ddf4c999b673f5d81c232256a.css?body=1" for ::1 at 2015-09-03 20:33:11 -0700


Started GET "/assets/movies.self-e3b0c44298fc1c149afbf4c8996fb92427ae41e4649b934ca495991b7852b855.css?body=1" for ::1 at 2015-09-03 20:33:11 -0700


Started GET "/assets/jquery.self-a714331225dda820228db323939889f149aec0127aeb06255646b616ba1ca419.js?body=1" for ::1 at 2015-09-03 20:33:11 -0700


Started GET "/assets/application.self-e80e8f2318043e8af94dddc2adad5a4f09739a8ebb323b3ab31cd71d45fd9113.css?body=1" for ::1 at 2015-09-03 20:33:11 -0700


Started GET "/assets/static_pages.self-e3b0c44298fc1c149afbf4c8996fb92427ae41e4649b934ca495991b7852b855.css?body=1" for ::1 at 2015-09-03 20:33:11 -0700


Started GET "/assets/jquery_ujs.self-d456baa54c1fa6be2ec3711f0a72ddf7a5b2f34a6b4f515f33767d6207b7d4b3.js?body=1" for ::1 at 2015-09-03 20:33:11 -0700


Started GET "/assets/bootstrap/affix.self-f7aef9d98ee5ece34a6a92a6a15bba777d93e8d908b75c95a85088277f394200.js?body=1" for ::1 at 2015-09-03 20:33:11 -0700


Started GET "/assets/bootstrap/button.self-d19f3e2bcd3a7a4d75c11b9141b3fabd2c11987da1e99c85548ec3ecf8db30c3.js?body=1" for ::1 at 2015-09-03 20:33:11 -0700


Started GET "/assets/bootstrap/alert.self-896ab026e6823f5cef2441e07dac53d0692a5b772ac58b1ce20aa624c342d3f4.js?body=1" for ::1 at 2015-09-03 20:33:11 -0700


Started GET "/assets/bootstrap/carousel.self-b2e5e14483e6c31343a83861b7d487620f143d6fc2d07d5ae7544b6b225ba6be.js?body=1" for ::1 at 2015-09-03 20:33:11 -0700


Started GET "/assets/bootstrap/collapse.self-93820e9b486e375a7fb4477602def3a6f8381fa6d50938d5378297ffbe4a1248.js?body=1" for ::1 at 2015-09-03 20:33:11 -0700


Started GET "/assets/bootstrap/dropdown.self-30536ae4d54b2685c26b5787ed0eb549a9075717fe690cce6270873bedf2df00.js?body=1" for ::1 at 2015-09-03 20:33:11 -0700


Started GET "/assets/bootstrap/tab.self-9b77df34cbbb08ec93a806d6cdb741f04e3dbf3389978a0679146f2d2987bc89.js?body=1" for ::1 at 2015-09-03 20:33:11 -0700


Started GET "/assets/bootstrap/transition.self-9616c4e856b57659b67da3c6f2adcd584b5601ef4bebcdadab8ebb387d80bb25.js?body=1" for ::1 at 2015-09-03 20:33:11 -0700


Started GET "/assets/bootstrap/scrollspy.self-c5c6ed008955656d345067e9821d79f1216b8383134d08465d4aa1a33a2b93b4.js?body=1" for ::1 at 2015-09-03 20:33:11 -0700


Started GET "/assets/bootstrap/modal.self-bcfe54f3132bf16a8c5ce4289e47eba488f6522a08f49f378a037061c6c7aa4c.js?body=1" for ::1 at 2015-09-03 20:33:11 -0700


Started GET "/assets/bootstrap/tooltip.self-3aa41fbe871573b34e0ebddf31598cd5a11a9841ca85f90934ea46326e46626d.js?body=1" for ::1 at 2015-09-03 20:33:11 -0700


Started GET "/assets/bootstrap/popover.self-b73e9c9111d01148e24bbc46e096782e024dc5db630e7078cf11ed2587ef8551.js?body=1" for ::1 at 2015-09-03 20:33:11 -0700


Started GET "/assets/bootstrap-sprockets.self-fbfa5ad7d9aa0afe439ec4ff3883acc4cb92b62cb67c40d674320c9aa1d4642d.js?body=1" for ::1 at 2015-09-03 20:33:11 -0700


Started GET "/assets/turbolinks.self-c37727e9bd6b2735da5c311aa83fead54ed0be6cc8bd9a65309e9c5abe2cbfff.js?body=1" for ::1 at 2015-09-03 20:33:11 -0700


Started GET "/assets/movies.self-877aef30ae1b040ab8a3aba4e3e309a11d7f2612f44dde450b5c157aa5f95c05.js?body=1" for ::1 at 2015-09-03 20:33:11 -0700


Started GET "/assets/static_pages.self-877aef30ae1b040ab8a3aba4e3e309a11d7f2612f44dde450b5c157aa5f95c05.js?body=1" for ::1 at 2015-09-03 20:33:11 -0700


Started GET "/assets/application.self-f8806224e027f3e3f0138ea9ce99319e298dfdb323304d1f1be6eae8e8c74724.js?body=1" for ::1 at 2015-09-03 20:33:11 -0700


Started GET "/movies" for ::1 at 2015-09-03 20:35:08 -0700
Processing by MoviesController#index as HTML
  [1m[35mMovie Load (0.7ms)[0m  SELECT "movies".* FROM "movies"
  Rendered movies/index.html.erb within layouts/application (10.9ms)
Completed 200 OK in 184ms (Views: 182.3ms | ActiveRecord: 1.1ms)


Started GET "/assets/movies.self-e3b0c44298fc1c149afbf4c8996fb92427ae41e4649b934ca495991b7852b855.css?body=1" for ::1 at 2015-09-03 20:35:08 -0700


Started GET "/assets/custom.self-5c047ea5716000c7ea8d7003204377a5baec5f7ddf4c999b673f5d81c232256a.css?body=1" for ::1 at 2015-09-03 20:35:08 -0700


Started GET "/assets/static_pages.self-e3b0c44298fc1c149afbf4c8996fb92427ae41e4649b934ca495991b7852b855.css?body=1" for ::1 at 2015-09-03 20:35:08 -0700


Started GET "/assets/application.self-e80e8f2318043e8af94dddc2adad5a4f09739a8ebb323b3ab31cd71d45fd9113.css?body=1" for ::1 at 2015-09-03 20:35:08 -0700


Started GET "/assets/jquery.self-a714331225dda820228db323939889f149aec0127aeb06255646b616ba1ca419.js?body=1" for ::1 at 2015-09-03 20:35:08 -0700


Started GET "/assets/jquery_ujs.self-d456baa54c1fa6be2ec3711f0a72ddf7a5b2f34a6b4f515f33767d6207b7d4b3.js?body=1" for ::1 at 2015-09-03 20:35:09 -0700


Started GET "/assets/bootstrap/affix.self-f7aef9d98ee5ece34a6a92a6a15bba777d93e8d908b75c95a85088277f394200.js?body=1" for ::1 at 2015-09-03 20:35:09 -0700


Started GET "/assets/bootstrap/alert.self-896ab026e6823f5cef2441e07dac53d0692a5b772ac58b1ce20aa624c342d3f4.js?body=1" for ::1 at 2015-09-03 20:35:09 -0700


Started GET "/assets/bootstrap/button.self-d19f3e2bcd3a7a4d75c11b9141b3fabd2c11987da1e99c85548ec3ecf8db30c3.js?body=1" for ::1 at 2015-09-03 20:35:09 -0700


Started GET "/assets/bootstrap/carousel.self-b2e5e14483e6c31343a83861b7d487620f143d6fc2d07d5ae7544b6b225ba6be.js?body=1" for ::1 at 2015-09-03 20:35:09 -0700


Started GET "/assets/bootstrap/collapse.self-93820e9b486e375a7fb4477602def3a6f8381fa6d50938d5378297ffbe4a1248.js?body=1" for ::1 at 2015-09-03 20:35:09 -0700


Started GET "/assets/bootstrap/dropdown.self-30536ae4d54b2685c26b5787ed0eb549a9075717fe690cce6270873bedf2df00.js?body=1" for ::1 at 2015-09-03 20:35:09 -0700


Started GET "/assets/bootstrap/tab.self-9b77df34cbbb08ec93a806d6cdb741f04e3dbf3389978a0679146f2d2987bc89.js?body=1" for ::1 at 2015-09-03 20:35:09 -0700


Started GET "/assets/bootstrap/transition.self-9616c4e856b57659b67da3c6f2adcd584b5601ef4bebcdadab8ebb387d80bb25.js?body=1" for ::1 at 2015-09-03 20:35:09 -0700


Started GET "/assets/bootstrap/scrollspy.self-c5c6ed008955656d345067e9821d79f1216b8383134d08465d4aa1a33a2b93b4.js?body=1" for ::1 at 2015-09-03 20:35:09 -0700


Started GET "/assets/bootstrap/modal.self-bcfe54f3132bf16a8c5ce4289e47eba488f6522a08f49f378a037061c6c7aa4c.js?body=1" for ::1 at 2015-09-03 20:35:09 -0700


Started GET "/assets/bootstrap/tooltip.self-3aa41fbe871573b34e0ebddf31598cd5a11a9841ca85f90934ea46326e46626d.js?body=1" for ::1 at 2015-09-03 20:35:09 -0700


Started GET "/assets/bootstrap/popover.self-b73e9c9111d01148e24bbc46e096782e024dc5db630e7078cf11ed2587ef8551.js?body=1" for ::1 at 2015-09-03 20:35:09 -0700


Started GET "/assets/bootstrap-sprockets.self-fbfa5ad7d9aa0afe439ec4ff3883acc4cb92b62cb67c40d674320c9aa1d4642d.js?body=1" for ::1 at 2015-09-03 20:35:09 -0700


Started GET "/assets/turbolinks.self-c37727e9bd6b2735da5c311aa83fead54ed0be6cc8bd9a65309e9c5abe2cbfff.js?body=1" for ::1 at 2015-09-03 20:35:09 -0700


Started GET "/assets/movies.self-877aef30ae1b040ab8a3aba4e3e309a11d7f2612f44dde450b5c157aa5f95c05.js?body=1" for ::1 at 2015-09-03 20:35:09 -0700


Started GET "/assets/static_pages.self-877aef30ae1b040ab8a3aba4e3e309a11d7f2612f44dde450b5c157aa5f95c05.js?body=1" for ::1 at 2015-09-03 20:35:09 -0700


Started GET "/assets/application.self-f8806224e027f3e3f0138ea9ce99319e298dfdb323304d1f1be6eae8e8c74724.js?body=1" for ::1 at 2015-09-03 20:35:09 -0700
